<?xml version="1.0" encoding="UTF-8"?>
<testng-results ignored="0" total="0" passed="0" failed="0" skipped="0">
  <reporter-output>
    <line>
      <![CDATA[report config]]>
    </line>
    <line>
      <![CDATA[DB open]]>
    </line>
    <line>
      <![CDATA[Broswer opened]]>
    </line>
    <line>
      <![CDATA[Broswer opened]]>
    </line>
    <line>
      <![CDATA[Login success]]>
    </line>
    <line>
      <![CDATA[Login success]]>
    </line>
    <line>
      <![CDATA[clase broswer]]>
    </line>
    <line>
      <![CDATA[clase broswer]]>
    </line>
    <line>
      <![CDATA[DB close]]>
    </line>
  </reporter-output>
  <suite started-at="2026-04-20T19:56:02 IST" name="Test Suite" finished-at="2026-04-20T19:56:02 IST" duration-ms="0">
    <groups>
    </groups>
  </suite> <!-- Test Suite -->
</testng-results>
