<?xml version="1.0" encoding="UTF-8"?>
<!-- Generated by org.testng.reporters.JUnitReportReporter -->
<testsuite hostname="DESKTOP-U0UCTHC" failures="0" tests="3" name="testng.Demo" time="0.012" errors="0" timestamp="2026-04-09T19:23:17 IST" skipped="0">
  <testcase classname="testng.Demo" name="add" time="0.009">
    <system-out>
      <![CDATA[add]]>
    </system-out>
  </testcase> <!-- add -->
  <testcase classname="testng.Demo" name="sub" time="0.001">
    <system-out>
      <![CDATA[sub]]>
    </system-out>
  </testcase> <!-- sub -->
  <testcase classname="testng.Demo" name="mul" time="0.002">
    <system-out>
      <![CDATA[mul]]>
    </system-out>
  </testcase> <!-- mul -->
  <system-out>
    <![CDATA[add
sub
mul]]>
  </system-out>
</testsuite> <!-- testng.Demo -->
