<?xml version="1.0" encoding="UTF-8"?>
<!-- Generated by org.testng.reporters.JUnitReportReporter -->
<testsuite hostname="DESKTOP-U0UCTHC" failures="0" tests="3" name="testng.DependsOn" time="0.010" errors="0" timestamp="2026-04-09T20:02:10 IST" skipped="0">
  <testcase classname="testng.DependsOn" name="Create" time="0.008">
    <system-out>
      <![CDATA[created]]>
    </system-out>
  </testcase> <!-- Create -->
  <testcase classname="testng.DependsOn" name="Edit" time="0.001">
    <system-out>
      <![CDATA[Edited]]>
    </system-out>
  </testcase> <!-- Edit -->
  <testcase classname="testng.DependsOn" name="Delete" time="0.001">
    <system-out>
      <![CDATA[deleted]]>
    </system-out>
  </testcase> <!-- Delete -->
  <system-out>
    <![CDATA[created
Edited
deleted]]>
  </system-out>
</testsuite> <!-- testng.DependsOn -->
