<?xml version="1.0" encoding="UTF-8"?>
<!-- Generated by org.testng.reporters.JUnitReportReporter -->
<testsuite hostname="DESKTOP-U0UCTHC" failures="0" tests="4" name="testng.First$Second" time="0.015" errors="0" timestamp="2026-04-09T19:24:53 IST" skipped="0">
  <testcase classname="testng.First$Second" name="bigbsket" time="0.009">
    <system-out>
      <![CDATA[bigbsket]]>
    </system-out>
  </testcase> <!-- bigbsket -->
  <testcase classname="testng.First$Second" name="amazon" time="0.002">
    <system-out>
      <![CDATA[amazon]]>
    </system-out>
  </testcase> <!-- amazon -->
  <testcase classname="testng.First$Second" name="baskinrobin" time="0.001">
    <system-out>
      <![CDATA[baskinrobin]]>
    </system-out>
  </testcase> <!-- baskinrobin -->
  <testcase classname="testng.First$Second" name="cricbuz" time="0.003">
    <system-out>
      <![CDATA[cricbuz]]>
    </system-out>
  </testcase> <!-- cricbuz -->
  <system-out>
    <![CDATA[bigbsket
amazon
a20
a10
Apple
Mango
banana
cucumber
a9
a11
baskinrobin
cricbuz]]>
  </system-out>
</testsuite> <!-- testng.First$Second -->
