<?xml version="1.0" encoding="UTF-8"?>
<!-- Generated by org.testng.reporters.JUnitReportReporter -->
<testsuite hostname="DESKTOP-U0UCTHC" failures="0" tests="3" name="testng.InvocationOn" time="10.600" errors="0" timestamp="2026-04-09T19:29:33 IST" skipped="0">
  <testcase classname="testng.InvocationOn" name="login" time="3.155"/>
  <testcase classname="testng.InvocationOn" name="login" time="4.335"/>
  <testcase classname="testng.InvocationOn" name="login" time="3.110"/>
</testsuite> <!-- testng.InvocationOn -->
