<?xml version="1.0" encoding="UTF-8"?>
<!-- Generated by org.testng.reporters.JUnitReportReporter -->
<testsuite hostname="DESKTOP-U0UCTHC" failures="0" tests="3" name="testng.DataProvider" time="0.011" errors="0" timestamp="2026-04-10T19:31:13 IST" skipped="0">
  <testcase classname="testng.DataProvider" name="login" time="0.009"/>
  <testcase classname="testng.DataProvider" name="login" time="0.002"/>
  <testcase classname="testng.DataProvider" name="login" time="0.000"/>
</testsuite> <!-- testng.DataProvider -->
