<?xml version="1.0" encoding="UTF-8"?>
<!-- Generated by org.testng.reporters.JUnitReportReporter -->
<testsuite hostname="DESKTOP-U0UCTHC" failures="0" tests="4" name="testng.ThreadPoolSize" time="13.858" errors="0" timestamp="2026-04-09T19:38:35 IST" skipped="0">
  <testcase classname="testng.ThreadPoolSize" name="login" time="3.306"/>
  <testcase classname="testng.ThreadPoolSize" name="login" time="3.681"/>
  <testcase classname="testng.ThreadPoolSize" name="login" time="3.228"/>
  <testcase classname="testng.ThreadPoolSize" name="login" time="3.643"/>
</testsuite> <!-- testng.ThreadPoolSize -->
