<?xml version="1.0" encoding="UTF-8"?>
<!-- Generated by org.testng.reporters.JUnitReportReporter -->
<testsuite hostname="DESKTOP-U0UCTHC" failures="0" tests="4" name="testng.First$Second$Third" time="0.005" errors="0" timestamp="2026-04-09T19:24:53 IST" skipped="0">
  <testcase classname="testng.First$Second$Third" name="banana" time="0.001">
    <system-out>
      <![CDATA[banana]]>
    </system-out>
  </testcase> <!-- banana -->
  <testcase classname="testng.First$Second$Third" name="Apple" time="0.001">
    <system-out>
      <![CDATA[Apple]]>
    </system-out>
  </testcase> <!-- Apple -->
  <testcase classname="testng.First$Second$Third" name="Mango" time="0.001">
    <system-out>
      <![CDATA[Mango]]>
    </system-out>
  </testcase> <!-- Mango -->
  <testcase classname="testng.First$Second$Third" name="cucumber" time="0.002">
    <system-out>
      <![CDATA[cucumber]]>
    </system-out>
  </testcase> <!-- cucumber -->
  <system-out>
    <![CDATA[bigbsket
amazon
a20
a10
Apple
Mango
banana
cucumber
a9
a11
baskinrobin
cricbuz]]>
  </system-out>
</testsuite> <!-- testng.First$Second$Third -->
