<?xml version="1.0" encoding="UTF-8"?>
<!-- Generated by org.testng.reporters.JUnitReportReporter -->
<testsuite hostname="DESKTOP-U0UCTHC" failures="0" tests="4" name="testng.First" time="0.008" errors="0" timestamp="2026-04-09T19:24:53 IST" skipped="0">
  <testcase classname="testng.First" name="a20" time="0.002">
    <system-out>
      <![CDATA[a20]]>
    </system-out>
  </testcase> <!-- a20 -->
  <testcase classname="testng.First" name="a10" time="0.003">
    <system-out>
      <![CDATA[a10]]>
    </system-out>
  </testcase> <!-- a10 -->
  <testcase classname="testng.First" name="a9" time="0.001">
    <system-out>
      <![CDATA[a9]]>
    </system-out>
  </testcase> <!-- a9 -->
  <testcase classname="testng.First" name="a11" time="0.002">
    <system-out>
      <![CDATA[a11]]>
    </system-out>
  </testcase> <!-- a11 -->
  <system-out>
    <![CDATA[bigbsket
amazon
a20
a10
Apple
Mango
banana
cucumber
a9
a11
baskinrobin
cricbuz]]>
  </system-out>
</testsuite> <!-- testng.First -->
