<?xml version="1.0" encoding="UTF-8"?>
<!-- Generated by org.testng.reporters.JUnitReportReporter -->
<testsuite hostname="DESKTOP-U0UCTHC" failures="0" tests="3" name="testng.Enabled" time="0.012" errors="0" timestamp="2026-04-09T19:44:42 IST" skipped="1">
  <testcase classname="testng.Enabled" name="add" time="0.011">
    <system-out>
      <![CDATA[add]]>
    </system-out>
  </testcase> <!-- add -->
  <testcase classname="testng.Enabled" name="sub" time="0.001">
    <system-out>
      <![CDATA[sub]]>
    </system-out>
  </testcase> <!-- sub -->
  <testcase classname="testng.Enabled" name="mul">
    <skipped/>
  </testcase> <!-- mul -->
  <system-out>
    <![CDATA[add
sub]]>
  </system-out>
</testsuite> <!-- testng.Enabled -->
